<?xml version="1.0" encoding="UTF-8"?>
<coverage generated="1622776662745" clover="3.2.0">
  <project timestamp="1622776662745" name="All files">
    <metrics statements="24" coveredstatements="24" conditionals="12" coveredconditionals="12" methods="12" coveredmethods="12" elements="48" coveredelements="48" complexity="0" loc="24" ncloc="24" packages="1" files="1" classes="1"/>
    <file name="Dynamatic.ts" path="/home/tqhoughton/projects/dynamaster/src/Dynamatic.ts">
      <metrics statements="24" coveredstatements="24" conditionals="12" coveredconditionals="12" methods="12" coveredmethods="12"/>
      <line num="1" count="1" type="stmt"/>
      <line num="2" count="1" type="stmt"/>
      <line num="27" count="1" type="cond" truecount="2" falsecount="0"/>
      <line num="28" count="1" type="stmt"/>
      <line num="33" count="1" type="stmt"/>
      <line num="34" count="1" type="stmt"/>
      <line num="36" count="1" type="stmt"/>
      <line num="39" count="9" type="stmt"/>
      <line num="40" count="9" type="cond" truecount="6" falsecount="0"/>
      <line num="44" count="2" type="stmt"/>
      <line num="45" count="2" type="stmt"/>
      <line num="46" count="2" type="stmt"/>
      <line num="47" count="2" type="stmt"/>
      <line num="52" count="2" type="stmt"/>
      <line num="53" count="2" type="stmt"/>
      <line num="61" count="2" type="stmt"/>
      <line num="62" count="2" type="stmt"/>
      <line num="63" count="2" type="stmt"/>
      <line num="71" count="2" type="stmt"/>
      <line num="81" count="2" type="stmt"/>
      <line num="91" count="3" type="stmt"/>
      <line num="96" count="3" type="cond" truecount="2" falsecount="0"/>
      <line num="100" count="1" type="stmt"/>
      <line num="107" count="1" type="stmt"/>
    </file>
  </project>
</coverage>
