{"/home/tqhoughton/projects/dynamaster/src/Dynamatic.ts": {"path":"/home/tqhoughton/projects/dynamaster/src/Dynamatic.ts","statementMap":{"0":{"start":{"line":1,"column":0},"end":{"line":1,"column":80}},"1":{"start":{"line":2,"column":0},"end":{"line":2,"column":57}},"2":{"start":{"line":27,"column":0},"end":{"line":27,"column":null}},"3":{"start":{"line":28,"column":2},"end":{"line":28,"column":null}},"4":{"start":{"line":33,"column":19},"end":{"line":33,"column":22}},"5":{"start":{"line":34,"column":21},"end":{"line":34,"column":24}},"6":{"start":{"line":39,"column":24},"end":{"line":39,"column":43}},"7":{"start":{"line":40,"column":4},"end":{"line":40,"column":93}},"8":{"start":{"line":44,"column":17},"end":{"line":44,"column":40}},"9":{"start":{"line":45,"column":4},"end":{"line":48,"column":null}},"10":{"start":{"line":46,"column":27},"end":{"line":46,"column":53}},"11":{"start":{"line":47,"column":6},"end":{"line":47,"column":81}},"12":{"start":{"line":52,"column":4},"end":{"line":57,"column":11}},"13":{"start":{"line":53,"column":6},"end":{"line":55,"column":null}},"14":{"start":{"line":61,"column":4},"end":{"line":67,"column":11}},"15":{"start":{"line":62,"column":20},"end":{"line":62,"column":48}},"16":{"start":{"line":63,"column":6},"end":{"line":65,"column":null}},"17":{"start":{"line":71,"column":21},"end":{"line":78,"column":null}},"18":{"start":{"line":81,"column":4},"end":{"line":87,"column":6}},"19":{"start":{"line":91,"column":21},"end":{"line":94,"column":6}},"20":{"start":{"line":96,"column":4},"end":{"line":96,"column":35}},"21":{"start":{"line":100,"column":4},"end":{"line":103,"column":7}},"22":{"start":{"line":107,"column":4},"end":{"line":110,"column":7}},"23":{"start":{"line":36,"column":0},"end":{"line":36,"column":13}}},"fnMap":{"0":{"name":"(anonymous_7)","decl":{"start":{"line":27,"column":0},"end":{"line":27,"column":12}},"loc":{"start":{"line":27,"column":25},"end":{"line":29,"column":1}}},"1":{"name":"(anonymous_8)","decl":{"start":{"line":39,"column":2},"end":{"line":39,"column":24}},"loc":{"start":{"line":39,"column":115},"end":{"line":41,"column":3}}},"2":{"name":"(anonymous_9)","decl":{"start":{"line":43,"column":2},"end":{"line":43,"column":29}},"loc":{"start":{"line":43,"column":68},"end":{"line":49,"column":3}}},"3":{"name":"(anonymous_10)","decl":{"start":{"line":45,"column":20},"end":{"line":45,"column":21}},"loc":{"start":{"line":45,"column":46},"end":{"line":48,"column":5}}},"4":{"name":"(anonymous_11)","decl":{"start":{"line":51,"column":2},"end":{"line":51,"column":31}},"loc":{"start":{"line":51,"column":70},"end":{"line":58,"column":3}}},"5":{"name":"(anonymous_12)","decl":{"start":{"line":52,"column":39},"end":{"line":52,"column":40}},"loc":{"start":{"line":52,"column":77},"end":{"line":57,"column":5}}},"6":{"name":"(anonymous_13)","decl":{"start":{"line":60,"column":2},"end":{"line":60,"column":32}},"loc":{"start":{"line":60,"column":71},"end":{"line":68,"column":3}}},"7":{"name":"(anonymous_14)","decl":{"start":{"line":61,"column":42},"end":{"line":61,"column":43}},"loc":{"start":{"line":61,"column":94},"end":{"line":67,"column":5}}},"8":{"name":"(anonymous_15)","decl":{"start":{"line":70,"column":8},"end":{"line":70,"column":13}},"loc":{"start":{"line":70,"column":70},"end":{"line":88,"column":null}}},"9":{"name":"(anonymous_17)","decl":{"start":{"line":90,"column":8},"end":{"line":90,"column":11}},"loc":{"start":{"line":90,"column":48},"end":{"line":97,"column":null}}},"10":{"name":"(anonymous_19)","decl":{"start":{"line":99,"column":8},"end":{"line":99,"column":11}},"loc":{"start":{"line":99,"column":26},"end":{"line":104,"column":null}}},"11":{"name":"(anonymous_21)","decl":{"start":{"line":106,"column":8},"end":{"line":106,"column":14}},"loc":{"start":{"line":106,"column":44},"end":{"line":111,"column":null}}}},"branchMap":{"0":{"loc":{"start":{"line":27,"column":12},"end":{"line":27,"column":25}},"type":"binary-expr","locations":[{"start":{"line":27,"column":12},"end":{"line":27,"column":25}},{"start":{"line":27,"column":12},"end":{"line":27,"column":null}}]},"1":{"loc":{"start":{"line":40,"column":15},"end":{"line":40,"column":38}},"type":"binary-expr","locations":[{"start":{"line":40,"column":15},"end":{"line":40,"column":38}},{"start":{"line":40,"column":42},"end":{"line":40,"column":92}}]},"2":{"loc":{"start":{"line":40,"column":22},"end":{"line":40,"column":24}},"type":"cond-expr","locations":[{"start":{"line":40,"column":22},"end":{"line":40,"column":24}},{"start":{"line":40,"column":15},"end":{"line":40,"column":38}}]},"3":{"loc":{"start":{"line":40,"column":15},"end":{"line":40,"column":24}},"type":"binary-expr","locations":[{"start":{"line":40,"column":15},"end":{"line":40,"column":24}},{"start":{"line":40,"column":15},"end":{"line":40,"column":24}}]},"4":{"loc":{"start":{"line":72,"column":9},"end":{"line":72,"column":18}},"type":"binary-expr","locations":[{"start":{"line":72,"column":9},"end":{"line":72,"column":18}},{"start":{"line":72,"column":22},"end":{"line":72,"column":46}}]},"5":{"loc":{"start":{"line":96,"column":18},"end":{"line":96,"column":27}},"type":"cond-expr","locations":[{"start":{"line":96,"column":18},"end":{"line":96,"column":27}},{"start":{"line":96,"column":30},"end":{"line":96,"column":34}}]}},"s":{"0":1,"1":1,"2":1,"3":1,"4":1,"5":1,"6":9,"7":9,"8":2,"9":2,"10":2,"11":2,"12":2,"13":2,"14":2,"15":2,"16":2,"17":2,"18":2,"19":3,"20":3,"21":1,"22":1,"23":1},"f":{"0":1,"1":9,"2":2,"3":2,"4":2,"5":2,"6":2,"7":2,"8":2,"9":3,"10":1,"11":1},"b":{"0":[1,1],"1":[9,1],"2":[1,8],"3":[9,9],"4":[2,1],"5":[1,2]}}
}
