TN:
SF:src/Dynamatic.ts
FN:27,(anonymous_7)
FN:39,(anonymous_8)
FN:43,(anonymous_9)
FN:45,(anonymous_10)
FN:51,(anonymous_11)
FN:52,(anonymous_12)
FN:60,(anonymous_13)
FN:61,(anonymous_14)
FN:70,(anonymous_15)
FN:90,(anonymous_17)
FN:99,(anonymous_19)
FN:106,(anonymous_21)
FNF:12
FNH:12
FNDA:1,(anonymous_7)
FNDA:9,(anonymous_8)
FNDA:2,(anonymous_9)
FNDA:2,(anonymous_10)
FNDA:2,(anonymous_11)
FNDA:2,(anonymous_12)
FNDA:2,(anonymous_13)
FNDA:2,(anonymous_14)
FNDA:2,(anonymous_15)
FNDA:3,(anonymous_17)
FNDA:1,(anonymous_19)
FNDA:1,(anonymous_21)
DA:1,1
DA:2,1
DA:27,1
DA:28,1
DA:33,1
DA:34,1
DA:36,1
DA:39,9
DA:40,9
DA:44,2
DA:45,2
DA:46,2
DA:47,2
DA:52,2
DA:53,2
DA:61,2
DA:62,2
DA:63,2
DA:71,2
DA:81,2
DA:91,3
DA:96,3
DA:100,1
DA:107,1
LF:24
LH:24
BRDA:27,0,0,1
BRDA:27,0,1,1
BRDA:40,1,0,9
BRDA:40,1,1,1
BRDA:40,2,0,1
BRDA:40,2,1,8
BRDA:40,3,0,9
BRDA:40,3,1,9
BRDA:72,4,0,2
BRDA:72,4,1,1
BRDA:96,5,0,1
BRDA:96,5,1,2
BRF:12
BRH:12
end_of_record
